<?xml version="1.0" encoding="UTF-8"?>
<!-- Generated by org.testng.reporters.JUnitXMLReporter -->
<testsuite ignored="1" hostname="MSBS-Safa" failures="0" tests="2" name="GRP-login logout group" time="13.788" errors="0" timestamp="2022-11-16T16:26:00 GMT+03:00">
  <testcase classname="automation.Call_Test_Cases" name="Test_The_existance_of_the_user_name" time="0.011"/>
  <testcase classname="automation.Call_Test_Cases" name="Test_The_log_out" time="4.256"/>
  <testcase classname="automation.Call_Test_Cases" name="Test_The_Title" time="0.0">
    <ignored/>
  </testcase> <!-- Test_The_Title -->
</testsuite> <!-- GRP-login logout group -->
